[2023-03-25 13:27:13Z INFO HostContext] No proxy settings were found based on environmental variables (http_proxy/https_proxy/HTTP_PROXY/HTTPS_PROXY)
[2023-03-25 13:27:13Z INFO HostContext] Well known directory 'Bin': 'C:\Users\KEN\test_dir\test02\bin'
[2023-03-25 13:27:13Z INFO HostContext] Well known directory 'Root': 'C:\Users\KEN\test_dir\test02'
[2023-03-25 13:27:13Z INFO HostContext] Well known config file 'Credentials': 'C:\Users\KEN\test_dir\test02\.credentials'
[2023-03-25 13:27:13Z INFO HostContext] Well known directory 'Bin': 'C:\Users\KEN\test_dir\test02\bin'
[2023-03-25 13:27:13Z INFO HostContext] Well known directory 'Root': 'C:\Users\KEN\test_dir\test02'
[2023-03-25 13:27:13Z INFO HostContext] Well known config file 'Runner': 'C:\Users\KEN\test_dir\test02\.runner'
[2023-03-25 13:27:13Z INFO Listener] Runner is built for Windows (X64) - win-x64.
[2023-03-25 13:27:13Z INFO Listener] RuntimeInformation: Microsoft Windows 10.0.22621.
[2023-03-25 13:27:13Z INFO Listener] Version: 2.303.0
[2023-03-25 13:27:13Z INFO Listener] Commit: e676c7871817c1b484299cd93fabdf4b95e70741
[2023-03-25 13:27:13Z INFO Listener] Culture: ja-JP
[2023-03-25 13:27:13Z INFO Listener] UI Culture: ja-JP
[2023-03-25 13:27:13Z INFO HostContext] Well known directory 'Bin': 'C:\Users\KEN\test_dir\test02\bin'
[2023-03-25 13:27:13Z INFO HostContext] Well known directory 'Root': 'C:\Users\KEN\test_dir\test02'
[2023-03-25 13:27:13Z INFO Listener] Validating directory permissions for: 'C:\Users\KEN\test_dir\test02'
[2023-03-25 13:27:13Z INFO CommandLineParser] Parse
[2023-03-25 13:27:13Z INFO CommandLineParser] Parsing 5 args
[2023-03-25 13:27:13Z INFO CommandLineParser] parsing argument
[2023-03-25 13:27:13Z INFO CommandLineParser] HasArgs: False
[2023-03-25 13:27:13Z INFO CommandLineParser] Adding Command: configure
[2023-03-25 13:27:13Z INFO CommandLineParser] parsing argument
[2023-03-25 13:27:13Z INFO CommandLineParser] HasArgs: True
[2023-03-25 13:27:13Z INFO CommandLineParser] arg: url
[2023-03-25 13:27:13Z INFO CommandLineParser] parsing argument
[2023-03-25 13:27:13Z INFO CommandLineParser] HasArgs: True
[2023-03-25 13:27:13Z INFO CommandLineParser] Adding option 'url': 'https://github.com/kekawa/test02'
[2023-03-25 13:27:13Z INFO CommandLineParser] parsing argument
[2023-03-25 13:27:13Z INFO CommandLineParser] HasArgs: True
[2023-03-25 13:27:13Z INFO CommandLineParser] arg: token
[2023-03-25 13:27:13Z INFO CommandLineParser] parsing argument
[2023-03-25 13:27:13Z INFO CommandLineParser] HasArgs: True
[2023-03-25 13:27:13Z INFO CommandLineParser] Adding option 'token': '***'
[2023-03-25 13:27:13Z INFO Listener] Arguments parsed
[2023-03-25 13:27:13Z INFO Runner] ExecuteCommand
[2023-03-25 13:27:13Z INFO ConfigurationStore] currentAssemblyLocation: C:\Users\KEN\test_dir\test02\bin\Runner.Listener.dll
[2023-03-25 13:27:13Z INFO HostContext] Well known directory 'Bin': 'C:\Users\KEN\test_dir\test02\bin'
[2023-03-25 13:27:13Z INFO ConfigurationStore] binPath: C:\Users\KEN\test_dir\test02\bin
[2023-03-25 13:27:13Z INFO HostContext] Well known directory 'Bin': 'C:\Users\KEN\test_dir\test02\bin'
[2023-03-25 13:27:13Z INFO HostContext] Well known directory 'Root': 'C:\Users\KEN\test_dir\test02'
[2023-03-25 13:27:13Z INFO ConfigurationStore] RootFolder: C:\Users\KEN\test_dir\test02
[2023-03-25 13:27:13Z INFO HostContext] Well known directory 'Bin': 'C:\Users\KEN\test_dir\test02\bin'
[2023-03-25 13:27:13Z INFO HostContext] Well known directory 'Root': 'C:\Users\KEN\test_dir\test02'
[2023-03-25 13:27:13Z INFO HostContext] Well known config file 'Runner': 'C:\Users\KEN\test_dir\test02\.runner'
[2023-03-25 13:27:13Z INFO ConfigurationStore] ConfigFilePath: C:\Users\KEN\test_dir\test02\.runner
[2023-03-25 13:27:13Z INFO HostContext] Well known directory 'Bin': 'C:\Users\KEN\test_dir\test02\bin'
[2023-03-25 13:27:13Z INFO HostContext] Well known directory 'Root': 'C:\Users\KEN\test_dir\test02'
[2023-03-25 13:27:13Z INFO HostContext] Well known config file 'Credentials': 'C:\Users\KEN\test_dir\test02\.credentials'
[2023-03-25 13:27:13Z INFO ConfigurationStore] CredFilePath: C:\Users\KEN\test_dir\test02\.credentials
[2023-03-25 13:27:13Z INFO HostContext] Well known directory 'Bin': 'C:\Users\KEN\test_dir\test02\bin'
[2023-03-25 13:27:13Z INFO HostContext] Well known directory 'Root': 'C:\Users\KEN\test_dir\test02'
[2023-03-25 13:27:13Z INFO HostContext] Well known config file 'MigratedCredentials': 'C:\Users\KEN\test_dir\test02\.credentials_migrated'
[2023-03-25 13:27:13Z INFO ConfigurationStore] MigratedCredFilePath: C:\Users\KEN\test_dir\test02\.credentials_migrated
[2023-03-25 13:27:13Z INFO HostContext] Well known directory 'Bin': 'C:\Users\KEN\test_dir\test02\bin'
[2023-03-25 13:27:13Z INFO HostContext] Well known directory 'Root': 'C:\Users\KEN\test_dir\test02'
[2023-03-25 13:27:13Z INFO HostContext] Well known config file 'Service': 'C:\Users\KEN\test_dir\test02\.service'
[2023-03-25 13:27:13Z INFO ConfigurationStore] ServiceConfigFilePath: C:\Users\KEN\test_dir\test02\.service
[2023-03-25 13:27:13Z INFO CommandSettings] Flag 'help': 'False'
[2023-03-25 13:27:13Z INFO CommandSettings] Flag 'version': 'False'
[2023-03-25 13:27:13Z INFO CommandSettings] Flag 'commit': 'False'
[2023-03-25 13:27:13Z INFO CommandSettings] Flag 'check': 'False'
[2023-03-25 13:27:13Z INFO CommandSettings] Command 'configure': 'True'
[2023-03-25 13:27:13Z INFO Terminal] WRITE LINE: 
[2023-03-25 13:27:13Z INFO Terminal] WRITE LINE: --------------------------------------------------------------------------------
[2023-03-25 13:27:13Z INFO Terminal] WRITE LINE: |        ____ _ _   _   _       _          _        _   _                      |
[2023-03-25 13:27:13Z INFO Terminal] WRITE LINE: |       / ___(_) |_| | | |_   _| |__      / \   ___| |_(_) ___  _ __  ___      |
[2023-03-25 13:27:13Z INFO Terminal] WRITE LINE: |      | |  _| | __| |_| | | | | '_ \    / _ \ / __| __| |/ _ \| '_ \/ __|     |
[2023-03-25 13:27:13Z INFO Terminal] WRITE LINE: |      | |_| | | |_|  _  | |_| | |_) |  / ___ \ (__| |_| | (_) | | | \__ \     |
[2023-03-25 13:27:13Z INFO Terminal] WRITE LINE: |       \____|_|\__|_| |_|\__,_|_.__/  /_/   \_\___|\__|_|\___/|_| |_|___/     |
[2023-03-25 13:27:13Z INFO Terminal] WRITE LINE: |                                                                              |
[2023-03-25 13:27:13Z INFO Terminal] WRITE: |                       
[2023-03-25 13:27:13Z INFO Terminal] WRITE: Self-hosted runner registration
[2023-03-25 13:27:13Z INFO Terminal] WRITE LINE:                         |
[2023-03-25 13:27:13Z INFO Terminal] WRITE LINE: |                                                                              |
[2023-03-25 13:27:13Z INFO Terminal] WRITE LINE: --------------------------------------------------------------------------------
[2023-03-25 13:27:13Z INFO ConfigurationManager] ConfigureAsync
[2023-03-25 13:27:13Z INFO CommandSettings] Flag 'generateServiceConfig': 'False'
[2023-03-25 13:27:13Z INFO ConfigurationStore] IsConfigured()
[2023-03-25 13:27:13Z INFO ConfigurationStore] IsConfigured: False
[2023-03-25 13:27:13Z INFO ConfigurationManager] Is configured: False
[2023-03-25 13:27:13Z INFO CommandSettings] Arg 'url': 'https://github.com/kekawa/test02'
[2023-03-25 13:27:13Z INFO CommandSettings] Remove url from Arg dictionary.
[2023-03-25 13:27:13Z INFO CommandSettings] Arg 'token': '***'
[2023-03-25 13:27:13Z INFO CommandSettings] Remove token from Arg dictionary.
[2023-03-25 13:27:14Z INFO ConfigurationManager] Http response code: OK from 'POST https://api.github.com/actions/runner-registration' (D521:672C:F09D4:1964CC:641EF6B2)
[2023-03-25 13:27:14Z INFO ConfigurationManager] cred retrieved via GitHub auth
[2023-03-25 13:27:14Z INFO RunnerServer] EstablishVssConnection
[2023-03-25 13:27:14Z INFO RunnerServer] Establish connection with 100 seconds timeout.
[2023-03-25 13:27:14Z INFO GitHubActionsService] Starting operation Location.GetConnectionData
[2023-03-25 13:27:14Z INFO RunnerServer] EstablishVssConnection
[2023-03-25 13:27:14Z INFO RunnerServer] Establish connection with 60 seconds timeout.
[2023-03-25 13:27:14Z INFO GitHubActionsService] Starting operation Location.GetConnectionData
[2023-03-25 13:27:14Z INFO RunnerServer] EstablishVssConnection
[2023-03-25 13:27:14Z INFO RunnerServer] Establish connection with 60 seconds timeout.
[2023-03-25 13:27:14Z INFO GitHubActionsService] Starting operation Location.GetConnectionData
[2023-03-25 13:27:16Z INFO GitHubActionsService] Finished operation Location.GetConnectionData
[2023-03-25 13:27:16Z INFO GitHubActionsService] Finished operation Location.GetConnectionData
[2023-03-25 13:27:16Z INFO GitHubActionsService] Finished operation Location.GetConnectionData
[2023-03-25 13:27:16Z INFO Terminal] WRITE LINE: 
[2023-03-25 13:27:16Z INFO ConfigurationManager] Test Connection complete.
[2023-03-25 13:27:16Z INFO HostContext] Well known directory 'Bin': 'C:\Users\KEN\test_dir\test02\bin'
[2023-03-25 13:27:16Z INFO HostContext] Well known directory 'Root': 'C:\Users\KEN\test_dir\test02'
[2023-03-25 13:27:16Z INFO HostContext] Well known config file 'RSACredentials': 'C:\Users\KEN\test_dir\test02\.credentials_rsaparams'
[2023-03-25 13:27:16Z INFO RSAEncryptedFileKeyManager] Creating new RSA key using 2048-bit key length
[2023-03-25 13:27:16Z INFO RSAEncryptedFileKeyManager] Successfully saved RSA key parameters to file C:\Users\KEN\test_dir\test02\.credentials_rsaparams
[2023-03-25 13:27:16Z INFO CommandSettings] Arg 'runnergroup': ''
[2023-03-25 13:27:16Z INFO CommandSettings] Flag 'unattended': 'False'
[2023-03-25 13:27:16Z INFO PromptManager] ReadValue
[2023-03-25 13:27:16Z INFO Terminal] WRITE: Enter the name of the runner group to add this runner to: 
[2023-03-25 13:27:16Z INFO Terminal] WRITE: [press Enter for Default] 
[2023-03-25 13:27:16Z INFO Terminal] READ LINE
[2023-03-25 13:27:28Z INFO Terminal] Read value: ''
[2023-03-25 13:27:28Z INFO PromptManager] Falling back to the default: 'Default'
[2023-03-25 13:27:28Z INFO Terminal] WRITE LINE: 
[2023-03-25 13:27:28Z INFO ConfigurationManager] Found a self-hosted runner group with id 1 and name Default
[2023-03-25 13:27:28Z INFO CommandSettings] Flag 'disableupdate': 'False'
[2023-03-25 13:27:28Z INFO CommandSettings] Flag 'ephemeral': 'False'
[2023-03-25 13:27:28Z INFO CommandSettings] Arg 'name': ''
[2023-03-25 13:27:28Z INFO CommandSettings] Flag 'unattended': 'False'
[2023-03-25 13:27:28Z INFO PromptManager] ReadValue
[2023-03-25 13:27:28Z INFO Terminal] WRITE: Enter the name of runner: 
[2023-03-25 13:27:28Z INFO Terminal] WRITE: [press Enter for DESKTOP-VE256C8] 
[2023-03-25 13:27:28Z INFO Terminal] READ LINE
[2023-03-25 13:27:33Z INFO Terminal] Read value: ''
[2023-03-25 13:27:33Z INFO PromptManager] Falling back to the default: 'DESKTOP-VE256C8'
[2023-03-25 13:27:33Z INFO Terminal] WRITE LINE: 
[2023-03-25 13:27:33Z INFO CommandSettings] Arg 'labels': ''
[2023-03-25 13:27:33Z INFO CommandSettings] Flag 'unattended': 'False'
[2023-03-25 13:27:33Z INFO PromptManager] ReadValue
[2023-03-25 13:27:33Z INFO Terminal] WRITE: This runner will have the following labels: 'self-hosted', 'Windows', 'X64' 
Enter any additional labels (ex. label-1,label-2): 
[2023-03-25 13:27:33Z INFO Terminal] WRITE: [press Enter to skip] 
[2023-03-25 13:27:33Z INFO Terminal] READ LINE
[2023-03-25 13:27:48Z INFO Terminal] Read value: ''
[2023-03-25 13:27:48Z INFO Terminal] WRITE LINE: 
[2023-03-25 13:27:48Z INFO CommandSettings] Flag 'disableupdate': 'False'
[2023-03-25 13:27:49Z INFO CommandSettings] Flag 'disableupdate': 'False'
[2023-03-25 13:27:49Z INFO CommandSettings] Flag 'ephemeral': 'False'
[2023-03-25 13:27:49Z INFO ConfigurationStore] Saving OAuth credential @ C:\Users\KEN\test_dir\test02\.credentials
[2023-03-25 13:27:49Z INFO ConfigurationStore] Credentials Saved.
[2023-03-25 13:27:49Z INFO ConfigurationStore] HasCredentials()
[2023-03-25 13:27:49Z INFO ConfigurationStore] stored True
[2023-03-25 13:27:49Z INFO CredentialManager] GetCredentialProvider
[2023-03-25 13:27:49Z INFO CredentialManager] Creating type OAuth
[2023-03-25 13:27:49Z INFO CredentialManager] Creating credential type: OAuth
[2023-03-25 13:27:49Z INFO RSAEncryptedFileKeyManager] Loading RSA key parameters from file C:\Users\KEN\test_dir\test02\.credentials_rsaparams
[2023-03-25 13:27:49Z INFO RunnerServer] EstablishVssConnection
[2023-03-25 13:27:49Z INFO RunnerServer] Establish connection with 100 seconds timeout.
[2023-03-25 13:27:49Z INFO GitHubActionsService] Starting operation Location.GetConnectionData
[2023-03-25 13:27:49Z INFO RunnerServer] EstablishVssConnection
[2023-03-25 13:27:49Z INFO RunnerServer] Establish connection with 60 seconds timeout.
[2023-03-25 13:27:49Z INFO GitHubActionsService] Starting operation Location.GetConnectionData
[2023-03-25 13:27:49Z INFO RunnerServer] EstablishVssConnection
[2023-03-25 13:27:49Z INFO RunnerServer] Establish connection with 60 seconds timeout.
[2023-03-25 13:27:49Z INFO GitHubActionsService] Starting operation Location.GetConnectionData
[2023-03-25 13:27:49Z INFO GitHubActionsService] Finished operation Location.GetConnectionData
[2023-03-25 13:27:50Z INFO GitHubActionsService] Finished operation Location.GetConnectionData
[2023-03-25 13:27:50Z INFO GitHubActionsService] Finished operation Location.GetConnectionData
[2023-03-25 13:27:50Z INFO RSAEncryptedFileKeyManager] Loading RSA key parameters from file C:\Users\KEN\test_dir\test02\.credentials_rsaparams
[2023-03-25 13:27:50Z INFO RSAEncryptedFileKeyManager] Loading RSA key parameters from file C:\Users\KEN\test_dir\test02\.credentials_rsaparams
[2023-03-25 13:27:51Z INFO GitHubActionsService] AAD Correlation ID for this token request: Unknown
[2023-03-25 13:27:51Z INFO CommandSettings] Arg 'work': ''
[2023-03-25 13:27:51Z INFO CommandSettings] Flag 'unattended': 'False'
[2023-03-25 13:27:51Z INFO PromptManager] ReadValue
[2023-03-25 13:27:51Z INFO Terminal] WRITE: Enter name of work folder: 
[2023-03-25 13:27:51Z INFO Terminal] WRITE: [press Enter for _work] 
[2023-03-25 13:27:51Z INFO Terminal] READ LINE
[2023-03-25 13:27:55Z INFO Terminal] Read value: ''
[2023-03-25 13:27:55Z INFO PromptManager] Falling back to the default: '_work'
[2023-03-25 13:27:55Z INFO ConfigurationStore] Saving runner settings.
[2023-03-25 13:27:55Z INFO ConfigurationStore] Settings Saved.
[2023-03-25 13:27:55Z INFO Terminal] WRITE LINE: 
[2023-03-25 13:27:55Z INFO Terminal] WRITE LINE: 
[2023-03-25 13:27:55Z INFO CommandSettings] Flag 'runasservice': 'False'
[2023-03-25 13:27:55Z INFO CommandSettings] Flag 'unattended': 'False'
[2023-03-25 13:27:55Z INFO PromptManager] ReadValue
[2023-03-25 13:27:55Z INFO Terminal] WRITE: Would you like to run the runner as service? (Y/N) 
[2023-03-25 13:27:55Z INFO Terminal] WRITE: [press Enter for N] 
[2023-03-25 13:27:55Z INFO Terminal] READ LINE
[2023-03-25 13:28:11Z INFO Terminal] Read value: ''
[2023-03-25 13:28:11Z INFO PromptManager] Falling back to the default: 'N'
[2023-03-25 13:28:11Z INFO Listener] Runner execution has finished with return code 0
