[2023-03-25 13:28:15Z INFO HostContext] No proxy settings were found based on environmental variables (http_proxy/https_proxy/HTTP_PROXY/HTTPS_PROXY)
[2023-03-25 13:28:15Z INFO HostContext] Well known directory 'Bin': 'C:\Users\KEN\test_dir\test02\bin'
[2023-03-25 13:28:15Z INFO HostContext] Well known directory 'Root': 'C:\Users\KEN\test_dir\test02'
[2023-03-25 13:28:15Z INFO HostContext] Well known config file 'Credentials': 'C:\Users\KEN\test_dir\test02\.credentials'
[2023-03-25 13:28:15Z INFO HostContext] Well known directory 'Bin': 'C:\Users\KEN\test_dir\test02\bin'
[2023-03-25 13:28:15Z INFO HostContext] Well known directory 'Root': 'C:\Users\KEN\test_dir\test02'
[2023-03-25 13:28:15Z INFO HostContext] Well known config file 'Runner': 'C:\Users\KEN\test_dir\test02\.runner'
[2023-03-25 13:28:15Z INFO Listener] Runner is built for Windows (X64) - win-x64.
[2023-03-25 13:28:15Z INFO Listener] RuntimeInformation: Microsoft Windows 10.0.22621.
[2023-03-25 13:28:15Z INFO Listener] Version: 2.303.0
[2023-03-25 13:28:15Z INFO Listener] Commit: e676c7871817c1b484299cd93fabdf4b95e70741
[2023-03-25 13:28:15Z INFO Listener] Culture: ja-JP
[2023-03-25 13:28:15Z INFO Listener] UI Culture: ja-JP
[2023-03-25 13:28:15Z INFO HostContext] Well known directory 'Bin': 'C:\Users\KEN\test_dir\test02\bin'
[2023-03-25 13:28:15Z INFO HostContext] Well known directory 'Root': 'C:\Users\KEN\test_dir\test02'
[2023-03-25 13:28:15Z INFO Listener] Validating directory permissions for: 'C:\Users\KEN\test_dir\test02'
[2023-03-25 13:28:15Z INFO CommandLineParser] Parse
[2023-03-25 13:28:15Z INFO CommandLineParser] Parsing 1 args
[2023-03-25 13:28:15Z INFO CommandLineParser] parsing argument
[2023-03-25 13:28:15Z INFO CommandLineParser] HasArgs: False
[2023-03-25 13:28:15Z INFO CommandLineParser] Adding Command: run
[2023-03-25 13:28:15Z INFO Listener] Arguments parsed
[2023-03-25 13:28:15Z INFO Runner] ExecuteCommand
[2023-03-25 13:28:15Z INFO ConfigurationStore] currentAssemblyLocation: C:\Users\KEN\test_dir\test02\bin\Runner.Listener.dll
[2023-03-25 13:28:15Z INFO HostContext] Well known directory 'Bin': 'C:\Users\KEN\test_dir\test02\bin'
[2023-03-25 13:28:15Z INFO ConfigurationStore] binPath: C:\Users\KEN\test_dir\test02\bin
[2023-03-25 13:28:15Z INFO HostContext] Well known directory 'Bin': 'C:\Users\KEN\test_dir\test02\bin'
[2023-03-25 13:28:15Z INFO HostContext] Well known directory 'Root': 'C:\Users\KEN\test_dir\test02'
[2023-03-25 13:28:15Z INFO ConfigurationStore] RootFolder: C:\Users\KEN\test_dir\test02
[2023-03-25 13:28:15Z INFO HostContext] Well known directory 'Bin': 'C:\Users\KEN\test_dir\test02\bin'
[2023-03-25 13:28:15Z INFO HostContext] Well known directory 'Root': 'C:\Users\KEN\test_dir\test02'
[2023-03-25 13:28:15Z INFO HostContext] Well known config file 'Runner': 'C:\Users\KEN\test_dir\test02\.runner'
[2023-03-25 13:28:15Z INFO ConfigurationStore] ConfigFilePath: C:\Users\KEN\test_dir\test02\.runner
[2023-03-25 13:28:15Z INFO HostContext] Well known directory 'Bin': 'C:\Users\KEN\test_dir\test02\bin'
[2023-03-25 13:28:15Z INFO HostContext] Well known directory 'Root': 'C:\Users\KEN\test_dir\test02'
[2023-03-25 13:28:15Z INFO HostContext] Well known config file 'Credentials': 'C:\Users\KEN\test_dir\test02\.credentials'
[2023-03-25 13:28:15Z INFO ConfigurationStore] CredFilePath: C:\Users\KEN\test_dir\test02\.credentials
[2023-03-25 13:28:15Z INFO HostContext] Well known directory 'Bin': 'C:\Users\KEN\test_dir\test02\bin'
[2023-03-25 13:28:15Z INFO HostContext] Well known directory 'Root': 'C:\Users\KEN\test_dir\test02'
[2023-03-25 13:28:15Z INFO HostContext] Well known config file 'MigratedCredentials': 'C:\Users\KEN\test_dir\test02\.credentials_migrated'
[2023-03-25 13:28:15Z INFO ConfigurationStore] MigratedCredFilePath: C:\Users\KEN\test_dir\test02\.credentials_migrated
[2023-03-25 13:28:15Z INFO HostContext] Well known directory 'Bin': 'C:\Users\KEN\test_dir\test02\bin'
[2023-03-25 13:28:15Z INFO HostContext] Well known directory 'Root': 'C:\Users\KEN\test_dir\test02'
[2023-03-25 13:28:15Z INFO HostContext] Well known config file 'Service': 'C:\Users\KEN\test_dir\test02\.service'
[2023-03-25 13:28:15Z INFO ConfigurationStore] ServiceConfigFilePath: C:\Users\KEN\test_dir\test02\.service
[2023-03-25 13:28:15Z INFO CommandSettings] Flag 'help': 'False'
[2023-03-25 13:28:15Z INFO CommandSettings] Flag 'version': 'False'
[2023-03-25 13:28:15Z INFO CommandSettings] Flag 'commit': 'False'
[2023-03-25 13:28:15Z INFO CommandSettings] Flag 'check': 'False'
[2023-03-25 13:28:16Z INFO CommandSettings] Command 'configure': 'False'
[2023-03-25 13:28:16Z INFO CommandSettings] Command 'remove': 'False'
[2023-03-25 13:28:16Z INFO CommandSettings] Command 'warmup': 'False'
[2023-03-25 13:28:16Z INFO ConfigurationManager] LoadSettings
[2023-03-25 13:28:16Z INFO ConfigurationStore] IsConfigured()
[2023-03-25 13:28:16Z INFO ConfigurationStore] IsConfigured: True
[2023-03-25 13:28:16Z INFO ConfigurationManager] Is configured: True
[2023-03-25 13:28:16Z INFO ConfigurationStore] Read setting file: 293 chars
[2023-03-25 13:28:16Z INFO ConfigurationManager] Settings Loaded
[2023-03-25 13:28:16Z INFO ConfigurationStore] IsServiceConfigured()
[2023-03-25 13:28:16Z INFO ConfigurationStore] IsServiceConfigured: False
[2023-03-25 13:28:16Z INFO CommandSettings] Command 'run': 'True'
[2023-03-25 13:28:16Z INFO ConfigurationStore] IsConfigured()
[2023-03-25 13:28:16Z INFO ConfigurationStore] IsConfigured: True
[2023-03-25 13:28:16Z INFO ConfigurationManager] Is configured: True
[2023-03-25 13:28:16Z INFO Runner] Could not parse the argument value '' for StartupType. Defaulting to Manual
[2023-03-25 13:28:16Z INFO Runner] Set runner startup type - Manual
[2023-03-25 13:28:16Z INFO CommandSettings] Flag 'once': 'False'
[2023-03-25 13:28:16Z INFO CommandSettings] Flag 'once': 'False'
[2023-03-25 13:28:16Z INFO Runner] RunAsync
[2023-03-25 13:28:16Z INFO ConfigurationManager] LoadSettings
[2023-03-25 13:28:16Z INFO ConfigurationStore] IsConfigured()
[2023-03-25 13:28:16Z INFO ConfigurationStore] IsConfigured: True
[2023-03-25 13:28:16Z INFO ConfigurationManager] Is configured: True
[2023-03-25 13:28:16Z INFO ConfigurationManager] Settings Loaded
[2023-03-25 13:28:16Z INFO MessageListener] {
  "AgentId": 2,
  "AgentName": "DESKTOP-VE256C8",
  "PoolId": 1,
  "PoolName": "Default",
  "ServerUrl": "https://pipelines.actions.githubusercontent.com/49OGrFioJjT2HouUl3eDnMn1UQdXJ8F1svsIImq0P8clzllsai",
  "GitHubUrl": "https://github.com/kekawa/test02",
  "WorkFolder": "_work"
}
[2023-03-25 13:28:16Z INFO MessageListener] Loading Credentials
[2023-03-25 13:28:16Z INFO ConfigurationStore] HasCredentials()
[2023-03-25 13:28:16Z INFO ConfigurationStore] stored True
[2023-03-25 13:28:16Z INFO CredentialManager] GetCredentialProvider
[2023-03-25 13:28:16Z INFO CredentialManager] Creating type OAuth
[2023-03-25 13:28:16Z INFO CredentialManager] Creating credential type: OAuth
[2023-03-25 13:28:16Z INFO HostContext] Well known directory 'Bin': 'C:\Users\KEN\test_dir\test02\bin'
[2023-03-25 13:28:16Z INFO HostContext] Well known directory 'Root': 'C:\Users\KEN\test_dir\test02'
[2023-03-25 13:28:16Z INFO HostContext] Well known config file 'RSACredentials': 'C:\Users\KEN\test_dir\test02\.credentials_rsaparams'
[2023-03-25 13:28:16Z INFO RSAEncryptedFileKeyManager] Loading RSA key parameters from file C:\Users\KEN\test_dir\test02\.credentials_rsaparams
[2023-03-25 13:28:16Z INFO MessageListener] Attempt to create session.
[2023-03-25 13:28:16Z INFO MessageListener] Connecting to the Runner Server...
[2023-03-25 13:28:16Z INFO RunnerServer] EstablishVssConnection
[2023-03-25 13:28:16Z INFO RunnerServer] Establish connection with 100 seconds timeout.
[2023-03-25 13:28:16Z INFO GitHubActionsService] Starting operation Location.GetConnectionData
[2023-03-25 13:28:16Z INFO RunnerServer] EstablishVssConnection
[2023-03-25 13:28:16Z INFO RunnerServer] Establish connection with 60 seconds timeout.
[2023-03-25 13:28:16Z INFO GitHubActionsService] Starting operation Location.GetConnectionData
[2023-03-25 13:28:16Z INFO RunnerServer] EstablishVssConnection
[2023-03-25 13:28:16Z INFO RunnerServer] Establish connection with 60 seconds timeout.
[2023-03-25 13:28:16Z INFO GitHubActionsService] Starting operation Location.GetConnectionData
[2023-03-25 13:28:17Z INFO GitHubActionsService] Finished operation Location.GetConnectionData
[2023-03-25 13:28:17Z INFO GitHubActionsService] Finished operation Location.GetConnectionData
[2023-03-25 13:28:17Z INFO GitHubActionsService] Finished operation Location.GetConnectionData
[2023-03-25 13:28:17Z INFO MessageListener] VssConnection created
[2023-03-25 13:28:17Z INFO Terminal] WRITE LINE: 
[2023-03-25 13:28:17Z INFO Terminal] WRITE LINE: 
[2023-03-25 13:28:17Z INFO RSAEncryptedFileKeyManager] Loading RSA key parameters from file C:\Users\KEN\test_dir\test02\.credentials_rsaparams
[2023-03-25 13:28:17Z INFO RSAEncryptedFileKeyManager] Loading RSA key parameters from file C:\Users\KEN\test_dir\test02\.credentials_rsaparams
[2023-03-25 13:28:18Z INFO GitHubActionsService] AAD Correlation ID for this token request: Unknown
[2023-03-25 13:28:18Z INFO MessageListener] Session created.
[2023-03-25 13:28:18Z INFO Terminal] WRITE LINE: Current runner version: '2.303.0'
[2023-03-25 13:28:18Z INFO Terminal] WRITE LINE: 2023-03-25 13:28:18Z: Listening for Jobs
[2023-03-25 13:28:18Z INFO JobDispatcher] Set runner/worker IPC timeout to 30 seconds.
[2023-03-25 13:30:55Z INFO Terminal] WRITE LINE: Exiting...
[2023-03-25 13:30:55Z INFO ConfigurationStore] IsServiceConfigured()
[2023-03-25 13:30:55Z INFO ConfigurationStore] IsServiceConfigured: False
[2023-03-25 13:30:55Z INFO HostContext] Runner will be shutdown for UserCancelled
[2023-03-25 13:30:55Z WARN GitHubActionsService] GET request to https://pipelines.actions.githubusercontent.com/49OGrFioJjT2HouUl3eDnMn1UQdXJ8F1svsIImq0P8clzllsai/_apis/distributedtask/pools/1/messages?sessionId=3d411b2e-336e-4fc2-bfed-19a67a13319e&status=Online&runnerVersion=2.303.0 has been cancelled.
[2023-03-25 13:30:55Z INFO MessageListener] Get next message has been cancelled.
[2023-03-25 13:30:55Z INFO JobDispatcher] Shutting down JobDispatcher. Make sure all WorkerDispatcher has finished.
[2023-03-25 13:30:55Z INFO Listener] Runner execution been cancelled.
